<?xml version="1.0" encoding="UTF-8"?>
<testng-results ignored="0" total="2" passed="2" failed="0" skipped="0">
  <reporter-output>
  </reporter-output>
  <suite started-at="2021-05-18T14:01:10Z" name="Default suite" finished-at="2021-05-18T14:01:25Z" duration-ms="15518">
    <groups>
    </groups>
    <test started-at="2021-05-18T14:01:10Z" name="Default test" finished-at="2021-05-18T14:01:25Z" duration-ms="15518">
      <class name="com.w2a.testcase.LoginTest">
        <test-method is-config="true" signature="setUp()[pri:0, instance:com.w2a.testcase.LoginTest@1fc0053e]" started-at="2021-05-18T15:00:57Z" name="setUp" finished-at="2021-05-18T15:01:10Z" duration-ms="12755" status="PASS">
          <reporter-output>
          </reporter-output>
        </test-method> <!-- setUp -->
        <test-method signature="InvalidLogin()[pri:1, instance:com.w2a.testcase.LoginTest@1fc0053e]" started-at="2021-05-18T15:01:10Z" name="InvalidLogin" finished-at="2021-05-18T15:01:15Z" duration-ms="4867" status="PASS">
          <reporter-output>
          </reporter-output>
        </test-method> <!-- InvalidLogin -->
        <test-method signature="Validlogin()[pri:2, instance:com.w2a.testcase.LoginTest@1fc0053e]" started-at="2021-05-18T15:01:15Z" name="Validlogin" finished-at="2021-05-18T15:01:25Z" duration-ms="10622" status="PASS">
          <reporter-output>
          </reporter-output>
        </test-method> <!-- Validlogin -->
        <test-method is-config="true" signature="tearDown()[pri:0, instance:com.w2a.testcase.LoginTest@1fc0053e]" started-at="2021-05-18T15:01:25Z" name="tearDown" finished-at="2021-05-18T15:01:27Z" duration-ms="1501" status="PASS">
          <reporter-output>
          </reporter-output>
        </test-method> <!-- tearDown -->
      </class> <!-- com.w2a.testcase.LoginTest -->
    </test> <!-- Default test -->
  </suite> <!-- Default suite -->
</testng-results>
